生成启动时间为 2018/2/6 12:07:35。
     1>项目“D:\vsproj\OsipDemo\OsipDemo\OsipDemo.vcxproj”在节点 2 上(Build 个目标)。
     1>ClCompile:
         D:\Program Files (x86)\Microsoft Visual Studio 12.0\VC\bin\x86_amd64\CL.exe /c /ID:\vsproj\OsipDemo\\include\osip /ID:\vsproj\OsipDemo\\include\mxml /ID:\vsproj\OsipDemo\\include\jthread /ID:\vsproj\OsipDemo\\include\jrtplib /ID:\vsproj\OsipDemo\\include /ID:\vsproj\OsipDemo\\include\sdl /ID:\vsproj\OsipDemo\\include\curl /Zi /nologo /W1 /WX- /Od /D WIN32 /D _MBCS /Gm- /EHsc /MD /GS /fp:precise /Zc:wchar_t /Zc:forScope /Fo"x64\Release\\" /Fd"x64\Release\vc120.pdb" /Gd /TP /errorReport:prompt DecodeH264.cpp
         DecodeH264.cpp
     1>d:\vsproj\osipdemo\include\libavutil\rational.h : warning C4819: 该文件包含不能在当前代码页(936)中表示的字符。请将该文件保存为 Unicode 格式以防止数据丢失
       Link:
         D:\Program Files (x86)\Microsoft Visual Studio 12.0\VC\bin\x86_amd64\link.exe /ERRORREPORT:PROMPT /OUT:"D:\vsproj\OsipDemo\x64\Release\OsipDemo.exe" /NOLOGO /LIBPATH:D:\vsproj\OsipDemo\\lib "D:\vsproj\OsipDemo\\lib\*.lib" "D:\vsproj\OsipDemo\\lib\sdl\*.lib" kernel32.lib user32.lib gdi32.lib winspool.lib comdlg32.lib advapi32.lib shell32.lib ole32.lib oleaut32.lib uuid.lib odbc32.lib odbccp32.lib /NODEFAULTLIB:libcmt.lib /MANIFEST /MANIFESTUAC:"level='asInvoker' uiAccess='false'" /manifest:embed /DEBUG /PDB:"D:\vsproj\OsipDemo\x64\Release\OsipDemo.pdb" /TLBID:1 /DYNAMICBASE /NXCOMPAT /IMPLIB:"D:\vsproj\OsipDemo\x64\Release\OsipDemo.lib" /MACHINE:X64 x64\Release\cosip.obj
         x64\Release\curldownload.obj
         x64\Release\DecodeH264.obj
         x64\Release\DownFileFromNet.obj
         x64\Release\filenameio.obj
         x64\Release\H264_2_RGB.obj
         x64\Release\osipservice.obj
         x64\Release\sdlshow.obj
         x64\Release\siptest.obj
         x64\Release\taskthread.obj
         x64\Release\threadpool.obj
         OsipDemo.vcxproj -> D:\vsproj\OsipDemo\x64\Release\OsipDemo.exe
     1>已完成生成项目“D:\vsproj\OsipDemo\OsipDemo\OsipDemo.vcxproj”(Build 个目标)的操作。

生成成功。

已用时间 00:00:01.64
